also installing the dependencies ‘rbibutils’, ‘Rdpack’

trying URL 'https://cloud.r-project.org/src/contrib/rbibutils_2.4.1.tar.gz'
trying URL 'https://cloud.r-project.org/src/contrib/Rdpack_2.6.6.tar.gz'
trying URL 'https://cloud.r-project.org/src/contrib/fake_1.5.0.tar.gz'
* installing *source* package ‘rbibutils’ ...
** this is package ‘rbibutils’ version ‘2.4.1’
** package ‘rbibutils’ successfully unpacked and MD5 sums checked
** using staged installation
** libs
using C compiler: ‘x86_64-conda-linux-gnu-cc (conda-forge gcc 15.2.0-18) 15.2.0’
installing to /rds/general/user/aq25/home/anaconda3/envs/group10_R/lib/R/library/00LOCK-rbibutils/00new/rbibutils/libs
** R
** inst
** byte-compile and prepare package for lazy loading
** help
*** installing help indices
** building package indices
** installing vignettes
** testing if installed package can be loaded from temporary location
** checking absolute paths in shared objects and dynamic libraries
** testing if installed package can be loaded from final location
** testing if installed package keeps a record of temporary installation path
* DONE (rbibutils)
* installing *source* package ‘Rdpack’ ...
** this is package ‘Rdpack’ version ‘2.6.6’
** package ‘Rdpack’ successfully unpacked and MD5 sums checked
** using staged installation
** R
** inst
** byte-compile and prepare package for lazy loading
** help
*** installing help indices
** building package indices
** installing vignettes
** testing if installed package can be loaded from temporary location
** testing if installed package can be loaded from final location
** testing if installed package keeps a record of temporary installation path
* DONE (Rdpack)
* installing *source* package ‘fake’ ...
** this is package ‘fake’ version ‘1.5.0’
** package ‘fake’ successfully unpacked and MD5 sums checked
** using staged installation
** R
** inst
** byte-compile and prepare package for lazy loading
** help
*** installing help indices
*** copying figures
** building package indices
** testing if installed package can be loaded from temporary location
** testing if installed package can be loaded from final location
** testing if installed package keeps a record of temporary installation path
* DONE (fake)

The downloaded source packages are in
	‘/var/tmp/pbs.2082440.pbs-7/RtmpiTcxeX/downloaded_packages’
Updating HTML index of packages in '.Library'
Making 'packages.html' ... done
trying URL 'https://cloud.r-project.org/src/contrib/missForestPredict_1.0.1.tar.gz'
Content type 'application/x-gzip' length 197128 bytes (192 KB)
==================================================
downloaded 192 KB

* installing *source* package ‘missForestPredict’ ...
** this is package ‘missForestPredict’ version ‘1.0.1’
** package ‘missForestPredict’ successfully unpacked and MD5 sums checked
** using staged installation
** R
** inst
** byte-compile and prepare package for lazy loading
** help
*** installing help indices
** building package indices
** installing vignettes
** testing if installed package can be loaded from temporary location
** testing if installed package can be loaded from final location
** testing if installed package keeps a record of temporary installation path
* DONE (missForestPredict)

The downloaded source packages are in
	‘/var/tmp/pbs.2082440.pbs-7/RtmpiTcxeX/downloaded_packages’
Updating HTML index of packages in '.Library'
Making 'packages.html' ... done
also installing the dependencies ‘audio’, ‘globals’, ‘listenv’, ‘parallelly’, ‘abind’, ‘beepr’, ‘future’, ‘future.apply’, ‘glassoFast’, ‘mclust’, ‘plotrix’

trying URL 'https://cloud.r-project.org/src/contrib/audio_0.1-12.tar.gz'
trying URL 'https://cloud.r-project.org/src/contrib/globals_0.19.1.tar.gz'
trying URL 'https://cloud.r-project.org/src/contrib/listenv_0.10.1.tar.gz'
trying URL 'https://cloud.r-project.org/src/contrib/parallelly_1.46.1.tar.gz'
trying URL 'https://cloud.r-project.org/src/contrib/abind_1.4-8.tar.gz'
trying URL 'https://cloud.r-project.org/src/contrib/beepr_2.0.tar.gz'
trying URL 'https://cloud.r-project.org/src/contrib/future_1.70.0.tar.gz'
trying URL 'https://cloud.r-project.org/src/contrib/future.apply_1.20.2.tar.gz'
trying URL 'https://cloud.r-project.org/src/contrib/glassoFast_1.0.1.tar.gz'
trying URL 'https://cloud.r-project.org/src/contrib/mclust_6.1.2.tar.gz'
trying URL 'https://cloud.r-project.org/src/contrib/plotrix_3.8-14.tar.gz'
trying URL 'https://cloud.r-project.org/src/contrib/sharp_1.4.8.tar.gz'
* installing *source* package ‘audio’ ...
** this is package ‘audio’ version ‘0.1-12’
** package ‘audio’ successfully unpacked and MD5 sums checked
** using staged installation
** libs
using C compiler: ‘x86_64-conda-linux-gnu-cc (conda-forge gcc 15.2.0-18) 15.2.0’
installing to /rds/general/user/aq25/home/anaconda3/envs/group10_R/lib/R/library/00LOCK-audio/00new/audio/libs
** R
** byte-compile and prepare package for lazy loading
** help
*** installing help indices
** building package indices
** testing if installed package can be loaded from temporary location
** checking absolute paths in shared objects and dynamic libraries
** testing if installed package can be loaded from final location
** testing if installed package keeps a record of temporary installation path
* DONE (audio)
* installing *source* package ‘globals’ ...
** this is package ‘globals’ version ‘0.19.1’
** package ‘globals’ successfully unpacked and MD5 sums checked
** using staged installation
** R
** inst
** byte-compile and prepare package for lazy loading
** help
*** installing help indices
** building package indices
** testing if installed package can be loaded from temporary location
** testing if installed package can be loaded from final location
** testing if installed package keeps a record of temporary installation path
* DONE (globals)
* installing *source* package ‘listenv’ ...
** this is package ‘listenv’ version ‘0.10.1’
** package ‘listenv’ successfully unpacked and MD5 sums checked
** using staged installation
** R
** inst
** byte-compile and prepare package for lazy loading
** help
*** installing help indices
** building package indices
** installing vignettes
** testing if installed package can be loaded from temporary location
** testing if installed package can be loaded from final location
** testing if installed package keeps a record of temporary installation path
* DONE (listenv)
* installing *source* package ‘parallelly’ ...
** this is package ‘parallelly’ version ‘1.46.1’
** package ‘parallelly’ successfully unpacked and MD5 sums checked
** using staged installation
** libs
using C compiler: ‘x86_64-conda-linux-gnu-cc (conda-forge gcc 15.2.0-18) 15.2.0’
installing to /rds/general/user/aq25/home/anaconda3/envs/group10_R/lib/R/library/00LOCK-parallelly/00new/parallelly/libs
** R
** inst
** byte-compile and prepare package for lazy loading
** help
*** installing help indices
*** copying figures
** building package indices
** installing vignettes
** testing if installed package can be loaded from temporary location
** checking absolute paths in shared objects and dynamic libraries
** testing if installed package can be loaded from final location
** testing if installed package keeps a record of temporary installation path
* DONE (parallelly)
* installing *source* package ‘abind’ ...
** this is package ‘abind’ version ‘1.4-8’
** package ‘abind’ successfully unpacked and MD5 sums checked
** using staged installation
** R
** byte-compile and prepare package for lazy loading
** help
*** installing help indices
** building package indices
** testing if installed package can be loaded from temporary location
** testing if installed package can be loaded from final location
** testing if installed package keeps a record of temporary installation path
* DONE (abind)
* installing *source* package ‘glassoFast’ ...
** this is package ‘glassoFast’ version ‘1.0.1’
** package ‘glassoFast’ successfully unpacked and MD5 sums checked
** using staged installation
** libs
using C compiler: ‘x86_64-conda-linux-gnu-cc (conda-forge gcc 15.2.0-18) 15.2.0’
using Fortran compiler: ‘GNU Fortran (conda-forge gcc 15.2.0-18) 15.2.0’
installing to /rds/general/user/aq25/home/anaconda3/envs/group10_R/lib/R/library/00LOCK-glassoFast/00new/glassoFast/libs
** R
** byte-compile and prepare package for lazy loading
** help
*** installing help indices
** building package indices
** testing if installed package can be loaded from temporary location
** checking absolute paths in shared objects and dynamic libraries
** testing if installed package can be loaded from final location
** testing if installed package keeps a record of temporary installation path
* DONE (glassoFast)
* installing *source* package ‘mclust’ ...
** this is package ‘mclust’ version ‘6.1.2’
** package ‘mclust’ successfully unpacked and MD5 sums checked
** using staged installation
** libs
using C compiler: ‘x86_64-conda-linux-gnu-cc (conda-forge gcc 15.2.0-18) 15.2.0’
using Fortran compiler: ‘GNU Fortran (conda-forge gcc 15.2.0-18) 15.2.0’
installing to /rds/general/user/aq25/home/anaconda3/envs/group10_R/lib/R/library/00LOCK-mclust/00new/mclust/libs
** R
** data
*** moving datasets to lazyload DB
** inst
** byte-compile and prepare package for lazy loading
** help
*** installing help indices
*** copying figures
** building package indices
** installing vignettes
** testing if installed package can be loaded from temporary location
** checking absolute paths in shared objects and dynamic libraries
** testing if installed package can be loaded from final location
** testing if installed package keeps a record of temporary installation path
* DONE (mclust)
* installing *source* package ‘plotrix’ ...
** this is package ‘plotrix’ version ‘3.8-14’
** package ‘plotrix’ successfully unpacked and MD5 sums checked
** using staged installation
** R
** data
** demo
** inst
** byte-compile and prepare package for lazy loading
** help
*** installing help indices
** building package indices
** testing if installed package can be loaded from temporary location
** testing if installed package can be loaded from final location
** testing if installed package keeps a record of temporary installation path
* DONE (plotrix)
* installing *source* package ‘beepr’ ...
** this is package ‘beepr’ version ‘2.0’
** package ‘beepr’ successfully unpacked and MD5 sums checked
** using staged installation
** R
** inst
** byte-compile and prepare package for lazy loading
** help
*** installing help indices
** building package indices
** testing if installed package can be loaded from temporary location
** testing if installed package can be loaded from final location
** testing if installed package keeps a record of temporary installation path
* DONE (beepr)
* installing *source* package ‘future’ ...
** this is package ‘future’ version ‘1.70.0’
** package ‘future’ successfully unpacked and MD5 sums checked
** using staged installation
** R
** demo
** inst
** byte-compile and prepare package for lazy loading
** help
*** installing help indices
*** copying figures
** building package indices
** installing vignettes
** testing if installed package can be loaded from temporary location
** testing if installed package can be loaded from final location
** testing if installed package keeps a record of temporary installation path
* DONE (future)
* installing *source* package ‘future.apply’ ...
** this is package ‘future.apply’ version ‘1.20.2’
** package ‘future.apply’ successfully unpacked and MD5 sums checked
** using staged installation
** R
** inst
** byte-compile and prepare package for lazy loading
** help
*** installing help indices
** building package indices
** installing vignettes
** testing if installed package can be loaded from temporary location
** testing if installed package can be loaded from final location
** testing if installed package keeps a record of temporary installation path
* DONE (future.apply)
* installing *source* package ‘sharp’ ...
** this is package ‘sharp’ version ‘1.4.8’
** package ‘sharp’ successfully unpacked and MD5 sums checked
** using staged installation
** R
** inst
** byte-compile and prepare package for lazy loading
** help
*** installing help indices
*** copying figures
** building package indices
** testing if installed package can be loaded from temporary location
** testing if installed package can be loaded from final location
** testing if installed package keeps a record of temporary installation path
* DONE (sharp)

The downloaded source packages are in
	‘/var/tmp/pbs.2082440.pbs-7/RtmpiTcxeX/downloaded_packages’
Updating HTML index of packages in '.Library'
Making 'packages.html' ... done
Type 'citation("pROC")' for a citation.

Attaching package: ‘pROC’

The following objects are masked from ‘package:stats’:

    cov, smooth, var

